Apr-29 20:14:55.517 [main] DEBUG nextflow.cli.Launcher - $> nextflow run main.nf -profile docker
Apr-29 20:14:55.837 [main] DEBUG nextflow.cli.CmdRun - N E X T F L O W  ~  version 25.10.4
Apr-29 20:14:55.903 [main] DEBUG nextflow.plugin.PluginsFacade - Setting up plugin manager > mode=prod; embedded=false; plugins-dir=/home/nobel-makonnen/.nextflow/plugins; core-plugins: nf-amazon@3.4.4,nf-azure@1.20.2,nf-cloudcache@0.5.0,nf-codecommit@0.5.0,nf-console@1.3.0,nf-google@1.23.5,nf-k8s@1.2.2,nf-tower@1.17.5,nf-wave@1.16.1
Apr-29 20:14:55.990 [main] INFO  o.pf4j.DefaultPluginStatusProvider - Enabled plugins: []
Apr-29 20:14:55.993 [main] INFO  o.pf4j.DefaultPluginStatusProvider - Disabled plugins: []
Apr-29 20:14:56.004 [main] INFO  org.pf4j.DefaultPluginManager - PF4J version 3.12.0 in 'deployment' mode
Apr-29 20:14:56.062 [main] DEBUG nextflow.util.RetryConfig - Missing nextflow session - using default retry config
Apr-29 20:14:56.543 [main] INFO  org.pf4j.AbstractPluginManager - No plugins
Apr-29 20:14:56.638 [main] DEBUG nextflow.config.ConfigBuilder - Found config local: /home/nobel-makonnen/aml-dnmt3b-pipeline/nextflow.config
Apr-29 20:14:56.649 [main] DEBUG nextflow.config.ConfigBuilder - Parsing config file: /home/nobel-makonnen/aml-dnmt3b-pipeline/nextflow.config
Apr-29 20:14:56.667 [main] DEBUG nextflow.config.ConfigParserFactory - Using config parser v2
Apr-29 20:14:56.729 [main] DEBUG nextflow.config.ConfigBuilder - Applying config profile: `docker`
Apr-29 20:14:57.979 [main] DEBUG nextflow.config.ConfigBuilder - Available config profiles: [docker]
Apr-29 20:14:58.083 [main] DEBUG nextflow.plugin.PluginsFacade - Plugins default=[]
Apr-29 20:14:58.085 [main] DEBUG nextflow.plugin.PluginsFacade - Plugins resolved requirement=[]
Apr-29 20:14:58.146 [main] DEBUG n.secret.LocalSecretsProvider - Secrets store: /home/nobel-makonnen/.nextflow/secrets/store.json
Apr-29 20:14:58.158 [main] DEBUG nextflow.secret.SecretsLoader - Discovered secrets providers: [nextflow.secret.LocalSecretsProvider@6724cdec] - activable => nextflow.secret.LocalSecretsProvider@6724cdec
Apr-29 20:14:58.206 [main] DEBUG nextflow.cli.CmdRun - Applied DSL=2 from script declaration
Apr-29 20:14:58.256 [main] DEBUG nextflow.cli.CmdRun - Launching `main.nf` [backstabbing_heyrovsky] DSL2 - revision: bbacda3785
Apr-29 20:14:58.749 [main] DEBUG nextflow.Session - Session UUID: a1eefc57-0fba-4d67-863a-3f8383635abf
Apr-29 20:14:58.751 [main] DEBUG nextflow.Session - Run name: backstabbing_heyrovsky
Apr-29 20:14:58.756 [main] DEBUG nextflow.Session - Executor pool size: 4
Apr-29 20:14:58.813 [main] DEBUG nextflow.file.FilePorter - File porter settings maxRetries=3; maxTransfers=50; pollTimeout=null
Apr-29 20:14:58.843 [main] DEBUG nextflow.util.ThreadPoolBuilder - Creating thread pool 'FileTransfer' minSize=10; maxSize=12; workQueue=LinkedBlockingQueue[-1]; allowCoreThreadTimeout=false
Apr-29 20:14:58.939 [main] DEBUG nextflow.cli.CmdRun - 
  Version: 25.10.4 build 11173
  Created: 10-02-2026 15:17 UTC 
  System: Linux 6.17.0-1011-azure
  Runtime: Groovy 4.0.28 on OpenJDK 64-Bit Server VM 17.0.10+7
  Encoding: UTF-8 (UTF-8)
  Process: 1431830@sciapp-students [10.2.0.4]
  CPUs: 4 - Mem: 15.6 GB (571 MB) - Swap: 0 (0)
Apr-29 20:14:59.014 [main] DEBUG nextflow.Session - Work-dir: /home/nobel-makonnen/aml-dnmt3b-pipeline/work [ext2/ext3]
Apr-29 20:14:59.017 [main] DEBUG nextflow.Session - Script base path does not exist or is not a directory: /home/nobel-makonnen/aml-dnmt3b-pipeline/bin
Apr-29 20:14:59.045 [main] DEBUG nextflow.executor.ExecutorFactory - Extension executors providers=[]
Apr-29 20:14:59.071 [main] DEBUG nextflow.Session - Observer factory (v2): LinObserverFactory
Apr-29 20:14:59.078 [main] DEBUG nextflow.Session - Observer factory (v2): DefaultObserverFactory
Apr-29 20:14:59.168 [main] DEBUG nextflow.cache.CacheFactory - Using Nextflow cache factory: nextflow.cache.DefaultCacheFactory
Apr-29 20:14:59.193 [main] DEBUG nextflow.util.CustomThreadPool - Creating default thread pool > poolSize: 5; maxThreads: 1000
Apr-29 20:14:59.380 [main] DEBUG nextflow.Session - Session start
Apr-29 20:14:59.400 [main] DEBUG nextflow.script.ScriptLoaderFactory - Using script parser v2
Apr-29 20:15:00.280 [main] DEBUG nextflow.script.ScriptRunner - > Launching execution
Apr-29 20:15:00.903 [main] DEBUG nextflow.executor.ExecutorFactory - << taskConfig executor: local
Apr-29 20:15:00.905 [main] DEBUG nextflow.executor.ExecutorFactory - >> processorType: 'local'
Apr-29 20:15:00.935 [main] DEBUG nextflow.executor.Executor - [warm up] executor > local
Apr-29 20:15:00.959 [main] DEBUG n.processor.LocalPollingMonitor - Creating local task monitor for executor 'local' > cpus=4; memory=15.6 GB; capacity=4; pollInterval=100ms; dumpInterval=5m
Apr-29 20:15:00.968 [main] DEBUG n.processor.TaskPollingMonitor - >>> barrier register (monitor: local)
Apr-29 20:15:01.110 [main] DEBUG nextflow.processor.TaskProcessor - Creating process 'PREPROCESS_AML': maxForks=0; fair=false; array=0
Apr-29 20:15:01.244 [main] DEBUG nextflow.executor.ExecutorFactory - << taskConfig executor: local
Apr-29 20:15:01.245 [main] DEBUG nextflow.executor.ExecutorFactory - >> processorType: 'local'
Apr-29 20:15:01.249 [main] DEBUG nextflow.processor.TaskProcessor - Creating process 'SUMMARIZE_AML': maxForks=0; fair=false; array=0
Apr-29 20:15:01.259 [main] DEBUG nextflow.Session - Workflow process names [dsl2]: SUMMARIZE_AML, PREPROCESS_AML
Apr-29 20:15:01.268 [main] DEBUG nextflow.Session - Igniting dataflow network (3)
Apr-29 20:15:01.291 [main] DEBUG nextflow.processor.TaskProcessor - Starting process > PREPROCESS_AML
Apr-29 20:15:01.294 [main] DEBUG nextflow.processor.TaskProcessor - Starting process > SUMMARIZE_AML
Apr-29 20:15:01.302 [main] DEBUG nextflow.script.ScriptRunner - Parsed script files:
  _nf_script_64c1e9deb604239a: /home/nobel-makonnen/aml-dnmt3b-pipeline/modules/aml_pipeline.nf
  Main: /home/nobel-makonnen/aml-dnmt3b-pipeline/main.nf
Apr-29 20:15:01.304 [main] DEBUG nextflow.script.ScriptRunner - > Awaiting termination 
Apr-29 20:15:01.306 [main] DEBUG nextflow.Session - Session await
Apr-29 20:15:01.309 [PathVisitor-1] DEBUG nextflow.file.PathVisitor - files for syntax: glob; folder: data/test/; pattern: *.csv; options: [:]
Apr-29 20:15:01.997 [Task submitter] DEBUG n.executor.local.LocalTaskHandler - Launch cmd line: /bin/bash -ue .command.run
Apr-29 20:15:02.003 [Task submitter] INFO  nextflow.Session - [b6/7b0ad7] Submitted process > PREPROCESS_AML (1)
Apr-29 20:15:04.104 [Task monitor] DEBUG n.processor.TaskPollingMonitor - Task completed > TaskHandler[id: 1; name: PREPROCESS_AML (1); status: COMPLETED; exit: 0; error: -; workDir: /home/nobel-makonnen/aml-dnmt3b-pipeline/work/b6/7b0ad7145a1104729dc3394a8a9361]
Apr-29 20:15:04.107 [Task monitor] DEBUG nextflow.util.ThreadPoolBuilder - Creating thread pool 'TaskFinalizer' minSize=10; maxSize=12; workQueue=LinkedBlockingQueue[-1]; allowCoreThreadTimeout=false
Apr-29 20:15:04.188 [TaskFinalizer-1] DEBUG nextflow.util.ThreadPoolBuilder - Creating thread pool 'PublishDir' minSize=10; maxSize=12; workQueue=LinkedBlockingQueue[-1]; allowCoreThreadTimeout=false
Apr-29 20:15:04.228 [Task submitter] DEBUG n.executor.local.LocalTaskHandler - Launch cmd line: /bin/bash -ue .command.run
Apr-29 20:15:04.229 [Task submitter] INFO  nextflow.Session - [f2/9216e1] Submitted process > SUMMARIZE_AML (1)
Apr-29 20:15:06.438 [Task monitor] DEBUG n.processor.TaskPollingMonitor - Task completed > TaskHandler[id: 2; name: SUMMARIZE_AML (1); status: COMPLETED; exit: 0; error: -; workDir: /home/nobel-makonnen/aml-dnmt3b-pipeline/work/f2/9216e1b97812c2b4763ffb56ebd692]
Apr-29 20:15:06.452 [main] DEBUG nextflow.Session - Session await > all processes finished
Apr-29 20:15:06.539 [Task monitor] DEBUG n.processor.TaskPollingMonitor - <<< barrier arrives (monitor: local) - terminating tasks monitor poll loop
Apr-29 20:15:06.540 [main] DEBUG nextflow.Session - Session await > all barriers passed
Apr-29 20:15:06.547 [main] DEBUG nextflow.util.ThreadPoolManager - Thread pool 'TaskFinalizer' shutdown completed (hard=false)
Apr-29 20:15:06.549 [main] DEBUG nextflow.util.ThreadPoolManager - Thread pool 'PublishDir' shutdown completed (hard=false)
Apr-29 20:15:06.575 [main] DEBUG n.trace.WorkflowStatsObserver - Workflow completed > WorkflowStats[succeededCount=2; failedCount=0; ignoredCount=0; cachedCount=0; pendingCount=0; submittedCount=0; runningCount=0; retriesCount=0; abortedCount=0; succeedDuration=4.1s; failedDuration=0ms; cachedDuration=0ms;loadCpus=0; loadMemory=0; peakRunning=1; peakCpus=1; peakMemory=0; ]
Apr-29 20:15:06.740 [main] DEBUG nextflow.cache.CacheDB - Closing CacheDB done
Apr-29 20:15:06.798 [main] DEBUG nextflow.util.ThreadPoolManager - Thread pool 'FileTransfer' shutdown completed (hard=false)
Apr-29 20:15:06.800 [main] DEBUG nextflow.script.ScriptRunner - > Execution complete -- Goodbye
